<?xml version="1.0" encoding="UTF-8"?>
<testsuite xmlns:xsi="http://www.w3.org/2001/XMLSchema-instance" xsi:noNamespaceSchemaLocation="https://maven.apache.org/surefire/maven-surefire-plugin/xsd/surefire-test-report-3.0.xsd" version="3.0" name="proj5.BinarySearchTreeTest" time="0.025" tests="6" errors="0" skipped="0" failures="0">
  <properties>
[...]
</properties>
  <testcase name="testSize" classname="proj5.BinarySearchTreeTest" time="0.009"/>
  <testcase name="testToStringParen" classname="proj5.BinarySearchTreeTest" time="0.005"/>
  <testcase name="testDelete" classname="proj5.BinarySearchTreeTest" time="0.001"/>
  <testcase name="testInsert" classname="proj5.BinarySearchTreeTest" time="0.0"/>
  <testcase name="testIsEmpty" classname="proj5.BinarySearchTreeTest" time="0.0"/>
  <testcase name="testSearch" classname="proj5.BinarySearchTreeTest" time="0.0"/>
</testsuite>